Reading netlist file: "C:\Users\franco\Documents\led_switching\impl\gwsynthesis\led_switching.vg"
Parsing netlist file "C:\Users\franco\Documents\led_switching\impl\gwsynthesis\led_switching.vg" completed
Processing netlist completed
Reading constraint file: "C:\Users\franco\Documents\led_switching\src\led_switching.cst"
Physical Constraint parsed completed
Running placement......
[10%] Placement Phase 0 completed
[20%] Placement Phase 1 completed
[30%] Placement Phase 2 completed
[50%] Placement Phase 3 completed
Running routing......
[60%] Routing Phase 0 completed
[70%] Routing Phase 1 completed
[80%] Routing Phase 2 completed
[90%] Routing Phase 3 completed
Running timing analysis......
[95%] Timing analysis completed
Placement and routing completed
Bitstream generation in progress......
Bitstream generation completed
Running power analysis......
[100%] Power analysis completed
Generate file "C:\Users\franco\Documents\led_switching\impl\pnr\led_switching.power.html" completed
Generate file "C:\Users\franco\Documents\led_switching\impl\pnr\led_switching.pin.html" completed
Generate file "C:\Users\franco\Documents\led_switching\impl\pnr\led_switching.rpt.html" completed
Generate file "C:\Users\franco\Documents\led_switching\impl\pnr\led_switching.rpt.txt" completed
Generate file "C:\Users\franco\Documents\led_switching\impl\pnr\led_switching.tr.html" completed
Wed May 17 15:34:58 2023

